2020-09-10 14:18:43.545  INFO 26648 --- [main] com.DeptEmpUI.DeptEmpUiApplication       : No active profile set, falling back to default profiles: default
2020-09-10 14:18:46.107  INFO 26648 --- [main] .s.d.r.c.RepositoryConfigurationDelegate : Bootstrapping Spring Data JPA repositories in DEFERRED mode.
2020-09-10 14:18:46.156  INFO 26648 --- [main] .s.d.r.c.RepositoryConfigurationDelegate : Finished Spring Data repository scanning in 29ms. Found 0 JPA repository interfaces.
2020-09-10 14:18:46.563  INFO 26648 --- [main] o.s.cloud.context.scope.GenericScope     : BeanFactory id=4b65fdab-4633-3b99-a53f-6eaec433384c
2020-09-10 14:18:46.802  INFO 26648 --- [main] trationDelegate$BeanPostProcessorChecker : Bean 'org.springframework.cloud.autoconfigure.ConfigurationPropertiesRebinderAutoConfiguration' of type [org.springframework.cloud.autoconfigure.ConfigurationPropertiesRebinderAutoConfiguration$$EnhancerBySpringCGLIB$$6aacd668] is not eligible for getting processed by all BeanPostProcessors (for example: not eligible for auto-proxying)
2020-09-10 14:18:48.259  INFO 26648 --- [main] o.s.b.w.embedded.tomcat.TomcatWebServer  : Tomcat initialized with port(s): 8085 (http)
2020-09-10 14:18:48.275  INFO 26648 --- [main] o.apache.catalina.core.StandardService   : Starting service [Tomcat]
2020-09-10 14:18:48.276  INFO 26648 --- [main] org.apache.catalina.core.StandardEngine  : Starting Servlet engine: [Apache Tomcat/9.0.37]
2020-09-10 14:18:51.519  INFO 26648 --- [main] org.apache.jasper.servlet.TldScanner     : At least one JAR was scanned for TLDs yet contained no TLDs. Enable debug logging for this logger for a complete list of JARs that were scanned but no TLDs were found in them. Skipping unneeded JARs during scanning can improve startup time and JSP compilation time.
2020-09-10 14:18:51.546  INFO 26648 --- [main] o.a.c.c.C.[Tomcat].[localhost].[/]       : Initializing Spring embedded WebApplicationContext
2020-09-10 14:18:51.546  INFO 26648 --- [main] w.s.c.ServletWebServerApplicationContext : Root WebApplicationContext: initialization completed in 7932 ms
2020-09-10 14:18:52.151  INFO 26648 --- [main] o.s.s.concurrent.ThreadPoolTaskExecutor  : Initializing ExecutorService 'applicationTaskExecutor'
2020-09-10 14:18:52.332  INFO 26648 --- [task-1] o.hibernate.jpa.internal.util.LogHelper  : HHH000204: Processing PersistenceUnitInfo [name: default]
2020-09-10 14:18:52.433  WARN 26648 --- [main] c.n.c.sources.URLConfigurationSource     : No URLs will be polled as dynamic configuration sources.
2020-09-10 14:18:52.437  INFO 26648 --- [main] c.n.c.sources.URLConfigurationSource     : To enable URLs as dynamic configuration sources, define System property archaius.configurationSource.additionalUrls or make config.properties available on classpath.
2020-09-10 14:18:52.449  WARN 26648 --- [main] c.n.c.sources.URLConfigurationSource     : No URLs will be polled as dynamic configuration sources.
2020-09-10 14:18:52.449  INFO 26648 --- [main] c.n.c.sources.URLConfigurationSource     : To enable URLs as dynamic configuration sources, define System property archaius.configurationSource.additionalUrls or make config.properties available on classpath.
2020-09-10 14:18:52.471  INFO 26648 --- [task-1] org.hibernate.Version                    : HHH000412: Hibernate ORM core version 5.4.20.Final
2020-09-10 14:18:52.608  WARN 26648 --- [main] JpaBaseConfiguration$JpaWebConfiguration : spring.jpa.open-in-view is enabled by default. Therefore, database queries may be performed during view rendering. Explicitly configure spring.jpa.open-in-view to disable this warning
2020-09-10 14:18:52.854  INFO 26648 --- [task-1] o.hibernate.annotations.common.Version   : HCANN000001: Hibernate Commons Annotations {5.1.0.Final}
2020-09-10 14:18:53.566  INFO 26648 --- [task-1] com.zaxxer.hikari.HikariDataSource       : HikariPool-1 - Starting...
2020-09-10 14:18:55.468  INFO 26648 --- [task-1] com.zaxxer.hikari.HikariDataSource       : HikariPool-1 - Start completed.
2020-09-10 14:18:55.572  INFO 26648 --- [task-1] org.hibernate.dialect.Dialect            : HHH000400: Using dialect: org.hibernate.dialect.MySQL57Dialect
2020-09-10 14:18:55.837  INFO 26648 --- [main] o.s.c.n.eureka.InstanceInfoFactory       : Setting initial instance status as: STARTING
2020-09-10 14:18:56.242  INFO 26648 --- [main] com.netflix.discovery.DiscoveryClient    : Initializing Eureka in region us-east-1
2020-09-10 14:18:56.602  INFO 26648 --- [main] c.n.d.provider.DiscoveryJerseyProvider   : Using JSON encoding codec LegacyJacksonJson
2020-09-10 14:18:56.604  INFO 26648 --- [main] c.n.d.provider.DiscoveryJerseyProvider   : Using JSON decoding codec LegacyJacksonJson
2020-09-10 14:18:56.760  INFO 26648 --- [task-1] o.h.e.t.j.p.i.JtaPlatformInitiator       : HHH000490: Using JtaPlatform implementation: [org.hibernate.engine.transaction.jta.platform.internal.NoJtaPlatform]
2020-09-10 14:18:56.785  INFO 26648 --- [task-1] j.LocalContainerEntityManagerFactoryBean : Initialized JPA EntityManagerFactory for persistence unit 'default'
2020-09-10 14:18:57.046  INFO 26648 --- [main] c.n.d.provider.DiscoveryJerseyProvider   : Using XML encoding codec XStreamXml
2020-09-10 14:18:57.047  INFO 26648 --- [main] c.n.d.provider.DiscoveryJerseyProvider   : Using XML decoding codec XStreamXml
2020-09-10 14:18:57.559  INFO 26648 --- [main] c.n.d.s.r.aws.ConfigClusterResolver      : Resolving eureka endpoints via configuration
2020-09-10 14:18:58.107  INFO 26648 --- [main] com.netflix.discovery.DiscoveryClient    : Disable delta property : false
2020-09-10 14:18:58.107  INFO 26648 --- [main] com.netflix.discovery.DiscoveryClient    : Single vip registry refresh property : null
2020-09-10 14:18:58.107  INFO 26648 --- [main] com.netflix.discovery.DiscoveryClient    : Force full registry fetch : false
2020-09-10 14:18:58.108  INFO 26648 --- [main] com.netflix.discovery.DiscoveryClient    : Application is null : false
2020-09-10 14:18:58.108  INFO 26648 --- [main] com.netflix.discovery.DiscoveryClient    : Registered Applications size is zero : true
2020-09-10 14:18:58.108  INFO 26648 --- [main] com.netflix.discovery.DiscoveryClient    : Application version is -1: true
2020-09-10 14:18:58.108  INFO 26648 --- [main] com.netflix.discovery.DiscoveryClient    : Getting all instance registry info from the eureka server
2020-09-10 14:18:58.467  INFO 26648 --- [main] com.netflix.discovery.DiscoveryClient    : The response status is 200
2020-09-10 14:18:58.471  INFO 26648 --- [main] com.netflix.discovery.DiscoveryClient    : Starting heartbeat executor: renew interval is: 30
2020-09-10 14:18:58.475  INFO 26648 --- [main] c.n.discovery.InstanceInfoReplicator     : InstanceInfoReplicator onDemand update allowed rate per min is 4
2020-09-10 14:18:58.480  INFO 26648 --- [main] com.netflix.discovery.DiscoveryClient    : Discovery Client initialized at timestamp 1599727738478 with initial instances count: 6
2020-09-10 14:18:58.483  INFO 26648 --- [main] o.s.c.n.e.s.EurekaServiceRegistry        : Registering application UI-SERVICE with eureka with status UP
2020-09-10 14:18:58.485  INFO 26648 --- [main] com.netflix.discovery.DiscoveryClient    : Saw local status change event StatusChangeEvent [timestamp=1599727738485, current=UP, previous=STARTING]
2020-09-10 14:18:58.488  INFO 26648 --- [DiscoveryClient-InstanceInfoReplicator-0] com.netflix.discovery.DiscoveryClient    : DiscoveryClient_UI-SERVICE/LAPTOP-LIP6DHCR:UI-service:8085: registering service...
2020-09-10 14:18:58.557  INFO 26648 --- [DiscoveryClient-InstanceInfoReplicator-0] com.netflix.discovery.DiscoveryClient    : DiscoveryClient_UI-SERVICE/LAPTOP-LIP6DHCR:UI-service:8085 - registration status: 204
2020-09-10 14:18:58.601  INFO 26648 --- [main] o.s.b.w.embedded.tomcat.TomcatWebServer  : Tomcat started on port(s): 8085 (http) with context path ''
2020-09-10 14:18:58.602  INFO 26648 --- [main] .s.c.n.e.s.EurekaAutoServiceRegistration : Updating port to 8085
2020-09-10 14:18:58.606  INFO 26648 --- [main] DeferredRepositoryInitializationListener : Triggering deferred initialization of Spring Data repositories…
2020-09-10 14:18:58.607  INFO 26648 --- [main] DeferredRepositoryInitializationListener : Spring Data repositories initialized!
2020-09-10 14:18:58.671  INFO 26648 --- [main] com.DeptEmpUI.DeptEmpUiApplication       : Started DeptEmpUiApplication in 17.223 seconds (JVM running for 18.946)
2020-09-10 14:23:58.111  INFO 26648 --- [AsyncResolver-bootstrap-executor-0] c.n.d.s.r.aws.ConfigClusterResolver      : Resolving eureka endpoints via configuration
2020-09-10 14:28:58.113  INFO 26648 --- [AsyncResolver-bootstrap-executor-0] c.n.d.s.r.aws.ConfigClusterResolver      : Resolving eureka endpoints via configuration
2020-09-10 14:33:58.117  INFO 26648 --- [AsyncResolver-bootstrap-executor-0] c.n.d.s.r.aws.ConfigClusterResolver      : Resolving eureka endpoints via configuration
2020-09-10 14:38:58.121  INFO 26648 --- [AsyncResolver-bootstrap-executor-0] c.n.d.s.r.aws.ConfigClusterResolver      : Resolving eureka endpoints via configuration
2020-09-10 14:43:58.122  INFO 26648 --- [AsyncResolver-bootstrap-executor-0] c.n.d.s.r.aws.ConfigClusterResolver      : Resolving eureka endpoints via configuration
2020-09-10 14:48:58.121  INFO 26648 --- [AsyncResolver-bootstrap-executor-0] c.n.d.s.r.aws.ConfigClusterResolver      : Resolving eureka endpoints via configuration
2020-09-10 14:53:58.123  INFO 26648 --- [AsyncResolver-bootstrap-executor-0] c.n.d.s.r.aws.ConfigClusterResolver      : Resolving eureka endpoints via configuration
2020-09-10 14:58:58.124  INFO 26648 --- [AsyncResolver-bootstrap-executor-0] c.n.d.s.r.aws.ConfigClusterResolver      : Resolving eureka endpoints via configuration
2020-09-10 15:03:58.126  INFO 26648 --- [AsyncResolver-bootstrap-executor-0] c.n.d.s.r.aws.ConfigClusterResolver      : Resolving eureka endpoints via configuration
2020-09-10 15:08:58.127  INFO 26648 --- [AsyncResolver-bootstrap-executor-0] c.n.d.s.r.aws.ConfigClusterResolver      : Resolving eureka endpoints via configuration
2020-09-10 15:13:58.129  INFO 26648 --- [AsyncResolver-bootstrap-executor-0] c.n.d.s.r.aws.ConfigClusterResolver      : Resolving eureka endpoints via configuration
2020-09-10 15:18:58.130  INFO 26648 --- [AsyncResolver-bootstrap-executor-0] c.n.d.s.r.aws.ConfigClusterResolver      : Resolving eureka endpoints via configuration
2020-09-10 15:23:58.133  INFO 26648 --- [AsyncResolver-bootstrap-executor-0] c.n.d.s.r.aws.ConfigClusterResolver      : Resolving eureka endpoints via configuration
